--------------------
./configure --prefix=/home/cc/ee147/fl21/class/ee147-aaf/software/python/1 --64 --shared --libdir=/home/cc/ee147/fl21/class/ee147-aaf/software/python/1/lib --sharedlibdir=/home/cc/ee147/fl21/class/ee147-aaf/software/python/1/lib
Thu Oct 28 10:58:16 PDT 2021
Checking for gcc...
=== ztest13129.c ===
extern int getchar();
int hello() {return getchar();}
===
gcc -c ztest13129.c
... using gcc

Checking for obsessive-compulsive compiler options...
=== ztest13129.c ===
int foo() { return 0; }
===
gcc -c -Wl,-rpath,/home/cc/ee147/fl21/class/ee147-aaf/software/python/1/lib:/home/cc/ee147/fl21/class/ee147-aaf/software/python/1/lib64 -I/home/cc/ee147/fl21/class/ee147-aaf/software/python/1/include -m64 ztest13129.c

Checking for shared library support...
=== ztest13129.c ===
extern int getchar();
int hello() {return getchar();}
===
gcc -w -c -Wl,-rpath,/home/cc/ee147/fl21/class/ee147-aaf/software/python/1/lib:/home/cc/ee147/fl21/class/ee147-aaf/software/python/1/lib64 -I/home/cc/ee147/fl21/class/ee147-aaf/software/python/1/include -fPIC -m64 ztest13129.c
gcc -shared -Wl,-soname,libz.so.1,--version-script,zlib.map -Wl,-rpath,/home/cc/ee147/fl21/class/ee147-aaf/software/python/1/lib:/home/cc/ee147/fl21/class/ee147-aaf/software/python/1/lib64 -I/home/cc/ee147/fl21/class/ee147-aaf/software/python/1/include -fPIC -m64 -o ztest13129.so ztest13129.o
Building shared library libz.so.1.2.11 with gcc.

=== ztest13129.c ===
#include <stdio.h>
#include <stdlib.h>
size_t dummy = 0;
===
gcc -c -Wl,-rpath,/home/cc/ee147/fl21/class/ee147-aaf/software/python/1/lib:/home/cc/ee147/fl21/class/ee147-aaf/software/python/1/lib64 -I/home/cc/ee147/fl21/class/ee147-aaf/software/python/1/include -m64 ztest13129.c
Checking for size_t... Yes.


=== ztest13129.c ===
#include <sys/types.h>
off64_t dummy = 0;
===
gcc -c -Wl,-rpath,/home/cc/ee147/fl21/class/ee147-aaf/software/python/1/lib:/home/cc/ee147/fl21/class/ee147-aaf/software/python/1/lib64 -I/home/cc/ee147/fl21/class/ee147-aaf/software/python/1/include -m64 -D_LARGEFILE64_SOURCE=1 ztest13129.c
Checking for off64_t... Yes.
Checking for fseeko... Yes.

=== ztest13129.c ===
#include <string.h>
#include <errno.h>
int main() { return strlen(strerror(errno)); }
===
gcc -Wl,-rpath,/home/cc/ee147/fl21/class/ee147-aaf/software/python/1/lib:/home/cc/ee147/fl21/class/ee147-aaf/software/python/1/lib64 -I/home/cc/ee147/fl21/class/ee147-aaf/software/python/1/include -m64 -D_LARGEFILE64_SOURCE=1 -o ztest13129 ztest13129.c
Checking for strerror... Yes.

=== ztest13129.c ===
#include <unistd.h>
int main() { return 0; }
===
gcc -c -Wl,-rpath,/home/cc/ee147/fl21/class/ee147-aaf/software/python/1/lib:/home/cc/ee147/fl21/class/ee147-aaf/software/python/1/lib64 -I/home/cc/ee147/fl21/class/ee147-aaf/software/python/1/include -m64 -D_LARGEFILE64_SOURCE=1 ztest13129.c
Checking for unistd.h... Yes.

=== ztest13129.c ===
#include <stdarg.h>
int main() { return 0; }
===
gcc -c -Wl,-rpath,/home/cc/ee147/fl21/class/ee147-aaf/software/python/1/lib:/home/cc/ee147/fl21/class/ee147-aaf/software/python/1/lib64 -I/home/cc/ee147/fl21/class/ee147-aaf/software/python/1/include -m64 -D_LARGEFILE64_SOURCE=1 ztest13129.c
Checking for stdarg.h... Yes.

=== ztest13129.c ===
#include <stdio.h>
#include <stdarg.h>
#include "zconf.h"
int main()
{
#ifndef STDC
  choke me
#endif
  return 0;
}
===
gcc -c -Wl,-rpath,/home/cc/ee147/fl21/class/ee147-aaf/software/python/1/lib:/home/cc/ee147/fl21/class/ee147-aaf/software/python/1/lib64 -I/home/cc/ee147/fl21/class/ee147-aaf/software/python/1/include -m64 -D_LARGEFILE64_SOURCE=1 ztest13129.c
Checking whether to use vs[n]printf() or s[n]printf()... using vs[n]printf().

=== ztest13129.c ===
#include <stdio.h>
#include <stdarg.h>
int mytest(const char *fmt, ...)
{
  char buf[20];
  va_list ap;
  va_start(ap, fmt);
  vsnprintf(buf, sizeof(buf), fmt, ap);
  va_end(ap);
  return 0;
}
int main()
{
  return (mytest("Hello%d\n", 1));
}
===
gcc -Wl,-rpath,/home/cc/ee147/fl21/class/ee147-aaf/software/python/1/lib:/home/cc/ee147/fl21/class/ee147-aaf/software/python/1/lib64 -I/home/cc/ee147/fl21/class/ee147-aaf/software/python/1/include -m64 -D_LARGEFILE64_SOURCE=1 -o ztest13129 ztest13129.c
Checking for vsnprintf() in stdio.h... Yes.

=== ztest13129.c ===
#include <stdio.h>
#include <stdarg.h>
int mytest(const char *fmt, ...)
{
  int n;
  char buf[20];
  va_list ap;
  va_start(ap, fmt);
  n = vsnprintf(buf, sizeof(buf), fmt, ap);
  va_end(ap);
  return n;
}
int main()
{
  return (mytest("Hello%d\n", 1));
}
===
gcc -c -Wl,-rpath,/home/cc/ee147/fl21/class/ee147-aaf/software/python/1/lib:/home/cc/ee147/fl21/class/ee147-aaf/software/python/1/lib64 -I/home/cc/ee147/fl21/class/ee147-aaf/software/python/1/include -m64 -D_LARGEFILE64_SOURCE=1 ztest13129.c
Checking for return value of vsnprintf()... Yes.

=== ztest13129.c ===
#define ZLIB_INTERNAL __attribute__((visibility ("hidden")))
int ZLIB_INTERNAL foo;
int main()
{
  return 0;
}
===
gcc -c -Wl,-rpath,/home/cc/ee147/fl21/class/ee147-aaf/software/python/1/lib:/home/cc/ee147/fl21/class/ee147-aaf/software/python/1/lib64 -I/home/cc/ee147/fl21/class/ee147-aaf/software/python/1/include -m64 -D_LARGEFILE64_SOURCE=1 ztest13129.c
Checking for attribute(visibility) support... Yes.

ALL = static shared all64
AR = ar
ARFLAGS = rc
CC = gcc
CFLAGS = -Wl,-rpath,/home/cc/ee147/fl21/class/ee147-aaf/software/python/1/lib:/home/cc/ee147/fl21/class/ee147-aaf/software/python/1/lib64 -I/home/cc/ee147/fl21/class/ee147-aaf/software/python/1/include -m64 -D_LARGEFILE64_SOURCE=1 -DHAVE_HIDDEN
CPP = gcc -E
EXE =
LDCONFIG = ldconfig
LDFLAGS = -Wl,-rpath,/home/cc/ee147/fl21/class/ee147-aaf/software/python/1/lib:/home/cc/ee147/fl21/class/ee147-aaf/software/python/1/lib64 -L/home/cc/ee147/fl21/class/ee147-aaf/software/python/1/lib:/home/cc/ee147/fl21/class/ee147-aaf/software/python/1/lib64
LDSHARED = gcc -shared -Wl,-soname,libz.so.1,--version-script,zlib.map
LDSHAREDLIBC = -lc
OBJC = $(OBJZ) $(OBJG)
PIC_OBJC = $(PIC_OBJZ) $(PIC_OBJG)
RANLIB = ranlib
SFLAGS = -Wl,-rpath,/home/cc/ee147/fl21/class/ee147-aaf/software/python/1/lib:/home/cc/ee147/fl21/class/ee147-aaf/software/python/1/lib64 -I/home/cc/ee147/fl21/class/ee147-aaf/software/python/1/include -fPIC -m64 -D_LARGEFILE64_SOURCE=1 -DHAVE_HIDDEN
SHAREDLIB = libz.so
SHAREDLIBM = libz.so.1
SHAREDLIBV = libz.so.1.2.11
STATICLIB = libz.a
TEST = all teststatic testshared test64
VER = 1.2.11
Z_U4 =
SRCDIR =
exec_prefix = ${prefix}
includedir = ${prefix}/include
libdir = /home/cc/ee147/fl21/class/ee147-aaf/software/python/1/lib
mandir = ${prefix}/share/man
prefix = /home/cc/ee147/fl21/class/ee147-aaf/software/python/1
sharedlibdir = /home/cc/ee147/fl21/class/ee147-aaf/software/python/1/lib
uname = Linux
--------------------


--------------------
./configure --prefix=/home/cc/ee147/fl21/class/ee147-aaf/software/python/1 --64 --shared --libdir=/home/cc/ee147/fl21/class/ee147-aaf/software/python/1/lib --sharedlibdir=/home/cc/ee147/fl21/class/ee147-aaf/software/python/1/lib
Thu Oct 28 10:58:33 PDT 2021
Checking for gcc...
=== ztest13887.c ===
extern int getchar();
int hello() {return getchar();}
===
gcc -c ztest13887.c
... using gcc

Checking for obsessive-compulsive compiler options...
=== ztest13887.c ===
int foo() { return 0; }
===
gcc -c -Wl,-rpath,/home/cc/ee147/fl21/class/ee147-aaf/software/python/1/lib:/home/cc/ee147/fl21/class/ee147-aaf/software/python/1/lib64 -I/home/cc/ee147/fl21/class/ee147-aaf/software/python/1/include -m64 ztest13887.c

Checking for shared library support...
=== ztest13887.c ===
extern int getchar();
int hello() {return getchar();}
===
gcc -w -c -Wl,-rpath,/home/cc/ee147/fl21/class/ee147-aaf/software/python/1/lib:/home/cc/ee147/fl21/class/ee147-aaf/software/python/1/lib64 -I/home/cc/ee147/fl21/class/ee147-aaf/software/python/1/include -fPIC -m64 ztest13887.c
gcc -shared -Wl,-soname,libz.so.1,--version-script,zlib.map -Wl,-rpath,/home/cc/ee147/fl21/class/ee147-aaf/software/python/1/lib:/home/cc/ee147/fl21/class/ee147-aaf/software/python/1/lib64 -I/home/cc/ee147/fl21/class/ee147-aaf/software/python/1/include -fPIC -m64 -o ztest13887.so ztest13887.o
Building shared library libz.so.1.2.11 with gcc.

=== ztest13887.c ===
#include <stdio.h>
#include <stdlib.h>
size_t dummy = 0;
===
gcc -c -Wl,-rpath,/home/cc/ee147/fl21/class/ee147-aaf/software/python/1/lib:/home/cc/ee147/fl21/class/ee147-aaf/software/python/1/lib64 -I/home/cc/ee147/fl21/class/ee147-aaf/software/python/1/include -m64 ztest13887.c
Checking for size_t... Yes.


=== ztest13887.c ===
#include <sys/types.h>
off64_t dummy = 0;
===
gcc -c -Wl,-rpath,/home/cc/ee147/fl21/class/ee147-aaf/software/python/1/lib:/home/cc/ee147/fl21/class/ee147-aaf/software/python/1/lib64 -I/home/cc/ee147/fl21/class/ee147-aaf/software/python/1/include -m64 -D_LARGEFILE64_SOURCE=1 ztest13887.c
Checking for off64_t... Yes.
Checking for fseeko... Yes.

=== ztest13887.c ===
#include <string.h>
#include <errno.h>
int main() { return strlen(strerror(errno)); }
===
gcc -Wl,-rpath,/home/cc/ee147/fl21/class/ee147-aaf/software/python/1/lib:/home/cc/ee147/fl21/class/ee147-aaf/software/python/1/lib64 -I/home/cc/ee147/fl21/class/ee147-aaf/software/python/1/include -m64 -D_LARGEFILE64_SOURCE=1 -o ztest13887 ztest13887.c
Checking for strerror... Yes.

=== ztest13887.c ===
#include <unistd.h>
int main() { return 0; }
===
gcc -c -Wl,-rpath,/home/cc/ee147/fl21/class/ee147-aaf/software/python/1/lib:/home/cc/ee147/fl21/class/ee147-aaf/software/python/1/lib64 -I/home/cc/ee147/fl21/class/ee147-aaf/software/python/1/include -m64 -D_LARGEFILE64_SOURCE=1 ztest13887.c
Checking for unistd.h... Yes.

=== ztest13887.c ===
#include <stdarg.h>
int main() { return 0; }
===
gcc -c -Wl,-rpath,/home/cc/ee147/fl21/class/ee147-aaf/software/python/1/lib:/home/cc/ee147/fl21/class/ee147-aaf/software/python/1/lib64 -I/home/cc/ee147/fl21/class/ee147-aaf/software/python/1/include -m64 -D_LARGEFILE64_SOURCE=1 ztest13887.c
Checking for stdarg.h... Yes.

=== ztest13887.c ===
#include <stdio.h>
#include <stdarg.h>
#include "zconf.h"
int main()
{
#ifndef STDC
  choke me
#endif
  return 0;
}
===
gcc -c -Wl,-rpath,/home/cc/ee147/fl21/class/ee147-aaf/software/python/1/lib:/home/cc/ee147/fl21/class/ee147-aaf/software/python/1/lib64 -I/home/cc/ee147/fl21/class/ee147-aaf/software/python/1/include -m64 -D_LARGEFILE64_SOURCE=1 ztest13887.c
Checking whether to use vs[n]printf() or s[n]printf()... using vs[n]printf().

=== ztest13887.c ===
#include <stdio.h>
#include <stdarg.h>
int mytest(const char *fmt, ...)
{
  char buf[20];
  va_list ap;
  va_start(ap, fmt);
  vsnprintf(buf, sizeof(buf), fmt, ap);
  va_end(ap);
  return 0;
}
int main()
{
  return (mytest("Hello%d\n", 1));
}
===
gcc -Wl,-rpath,/home/cc/ee147/fl21/class/ee147-aaf/software/python/1/lib:/home/cc/ee147/fl21/class/ee147-aaf/software/python/1/lib64 -I/home/cc/ee147/fl21/class/ee147-aaf/software/python/1/include -m64 -D_LARGEFILE64_SOURCE=1 -o ztest13887 ztest13887.c
Checking for vsnprintf() in stdio.h... Yes.

=== ztest13887.c ===
#include <stdio.h>
#include <stdarg.h>
int mytest(const char *fmt, ...)
{
  int n;
  char buf[20];
  va_list ap;
  va_start(ap, fmt);
  n = vsnprintf(buf, sizeof(buf), fmt, ap);
  va_end(ap);
  return n;
}
int main()
{
  return (mytest("Hello%d\n", 1));
}
===
gcc -c -Wl,-rpath,/home/cc/ee147/fl21/class/ee147-aaf/software/python/1/lib:/home/cc/ee147/fl21/class/ee147-aaf/software/python/1/lib64 -I/home/cc/ee147/fl21/class/ee147-aaf/software/python/1/include -m64 -D_LARGEFILE64_SOURCE=1 ztest13887.c
Checking for return value of vsnprintf()... Yes.

=== ztest13887.c ===
#define ZLIB_INTERNAL __attribute__((visibility ("hidden")))
int ZLIB_INTERNAL foo;
int main()
{
  return 0;
}
===
gcc -c -Wl,-rpath,/home/cc/ee147/fl21/class/ee147-aaf/software/python/1/lib:/home/cc/ee147/fl21/class/ee147-aaf/software/python/1/lib64 -I/home/cc/ee147/fl21/class/ee147-aaf/software/python/1/include -m64 -D_LARGEFILE64_SOURCE=1 ztest13887.c
Checking for attribute(visibility) support... Yes.

ALL = static shared all64
AR = ar
ARFLAGS = rc
CC = gcc
CFLAGS = -Wl,-rpath,/home/cc/ee147/fl21/class/ee147-aaf/software/python/1/lib:/home/cc/ee147/fl21/class/ee147-aaf/software/python/1/lib64 -I/home/cc/ee147/fl21/class/ee147-aaf/software/python/1/include -m64 -D_LARGEFILE64_SOURCE=1 -DHAVE_HIDDEN
CPP = gcc -E
EXE =
LDCONFIG = ldconfig
LDFLAGS = -Wl,-rpath,/home/cc/ee147/fl21/class/ee147-aaf/software/python/1/lib:/home/cc/ee147/fl21/class/ee147-aaf/software/python/1/lib64 -L/home/cc/ee147/fl21/class/ee147-aaf/software/python/1/lib:/home/cc/ee147/fl21/class/ee147-aaf/software/python/1/lib64
LDSHARED = gcc -shared -Wl,-soname,libz.so.1,--version-script,zlib.map
LDSHAREDLIBC = -lc
OBJC = $(OBJZ) $(OBJG)
PIC_OBJC = $(PIC_OBJZ) $(PIC_OBJG)
RANLIB = ranlib
SFLAGS = -Wl,-rpath,/home/cc/ee147/fl21/class/ee147-aaf/software/python/1/lib:/home/cc/ee147/fl21/class/ee147-aaf/software/python/1/lib64 -I/home/cc/ee147/fl21/class/ee147-aaf/software/python/1/include -fPIC -m64 -D_LARGEFILE64_SOURCE=1 -DHAVE_HIDDEN
SHAREDLIB = libz.so
SHAREDLIBM = libz.so.1
SHAREDLIBV = libz.so.1.2.11
STATICLIB = libz.a
TEST = all teststatic testshared test64
VER = 1.2.11
Z_U4 =
SRCDIR =
exec_prefix = ${prefix}
includedir = ${prefix}/include
libdir = /home/cc/ee147/fl21/class/ee147-aaf/software/python/1/lib
mandir = ${prefix}/share/man
prefix = /home/cc/ee147/fl21/class/ee147-aaf/software/python/1
sharedlibdir = /home/cc/ee147/fl21/class/ee147-aaf/software/python/1/lib
uname = Linux
--------------------


